<?xml version="1.0" encoding="UTF-8"?>
<testsuite xmlns:xsi="http://www.w3.org/2001/XMLSchema-instance" xsi:noNamespaceSchemaLocation="https://maven.apache.org/surefire/maven-surefire-plugin/xsd/surefire-test-report.xsd" name="org.example.TestingTest" time="0.015" tests="2" errors="0" skipped="0" failures="0">
  <properties>
    <property name="sun.desktop" value="windows"/>
    <property name="awt.toolkit" value="sun.awt.windows.WToolkit"/>
    <property name="java.specification.version" value="11"/>
    <property name="sun.cpu.isalist" value="amd64"/>
    <property name="sun.jnu.encoding" value="Cp1251"/>
    <property name="java.class.path" value="C:\Program Files\JetBrains\IntelliJ IDEA 2021.2.2\plugins\maven\lib\maven3\boot\plexus-classworlds-2.6.0.jar;C:\Program Files\JetBrains\IntelliJ IDEA 2021.2.2\plugins\maven\lib\maven3\boot\plexus-classworlds.license"/>
    <property name="java.vm.vendor" value="Oracle Corporation"/>
    <property name="sun.arch.data.model" value="64"/>
    <property name="user.variant" value=""/>
    <property name="java.vendor.url" value="http://java.oracle.com/"/>
    <property name="user.timezone" value="Asia/Yekaterinburg"/>
    <property name="maven.conf" value="C:\Program Files\JetBrains\IntelliJ IDEA 2021.2.2\plugins\maven\lib\maven3/conf"/>
    <property name="os.name" value="Windows 10"/>
    <property name="java.vm.specification.version" value="11"/>
    <property name="sun.java.launcher" value="SUN_STANDARD"/>
    <property name="user.country" value="RU"/>
    <property name="sun.boot.library.path" value="C:\Users\stacey\Downloads\openjdk-11+28_windows-x64_bin\jdk-11\bin"/>
    <property name="sun.java.command" value="org.codehaus.classworlds.Launcher -Didea.version=2021.2.2 package"/>
    <property name="jdk.debug" value="release"/>
    <property name="maven.home" value="C:\Program Files\JetBrains\IntelliJ IDEA 2021.2.2\plugins\maven\lib\maven3"/>
    <property name="surefire.test.class.path" value="C:\Users\stacey\Documents\GitHub\Maven\Bot1\target\test-classes;C:\Users\stacey\Documents\GitHub\Maven\Bot1\target\classes;C:\Users\stacey\.m2\repository\junit\junit\4.11\junit-4.11.jar;C:\Users\stacey\.m2\repository\org\hamcrest\hamcrest-core\1.3\hamcrest-core-1.3.jar;"/>
    <property name="sun.cpu.endian" value="little"/>
    <property name="user.home" value="C:\Users\stacey"/>
    <property name="user.language" value="ru"/>
    <property name="java.specification.vendor" value="Oracle Corporation"/>
    <property name="java.version.date" value="2018-09-25"/>
    <property name="java.home" value="C:\Users\stacey\Downloads\openjdk-11+28_windows-x64_bin\jdk-11"/>
    <property name="file.separator" value="\"/>
    <property name="basedir" value="C:\Users\stacey\Documents\GitHub\Maven\Bot1"/>
    <property name="java.vm.compressedOopsMode" value="32-bit"/>
    <property name="line.separator" value="&#10;"/>
    <property name="java.specification.name" value="Java Platform API Specification"/>
    <property name="java.vm.specification.vendor" value="Oracle Corporation"/>
    <property name="java.awt.graphicsenv" value="sun.awt.Win32GraphicsEnvironment"/>
    <property name="user.script" value=""/>
    <property name="sun.management.compiler" value="HotSpot 64-Bit Tiered Compilers"/>
    <property name="java.runtime.version" value="11+28"/>
    <property name="user.name" value="stacey"/>
    <property name="path.separator" value=";"/>
    <property name="os.version" value="10.0"/>
    <property name="java.runtime.name" value="OpenJDK Runtime Environment"/>
    <property name="file.encoding" value="UTF-8"/>
    <property name="guice.disable.misplaced.annotation.check" value="true"/>
    <property name="java.vm.name" value="OpenJDK 64-Bit Server VM"/>
    <property name="java.vendor.version" value="18.9"/>
    <property name="maven.ext.class.path" value="C:\Program Files\JetBrains\IntelliJ IDEA 2021.2.2\plugins\maven\lib\maven-event-listener.jar"/>
    <property name="localRepository" value="C:\Users\stacey\.m2\repository"/>
    <property name="java.vendor.url.bug" value="http://bugreport.java.com/bugreport/"/>
    <property name="java.io.tmpdir" value="C:\Users\stacey\AppData\Local\Temp\"/>
    <property name="idea.version" value="2021.2.2"/>
    <property name="java.version" value="11"/>
    <property name="user.dir" value="C:\Users\stacey\Documents\GitHub\Maven\Bot1"/>
    <property name="os.arch" value="amd64"/>
    <property name="maven.multiModuleProjectDirectory" value="C:\Users\stacey\Documents\GitHub\Maven\Bot1"/>
    <property name="java.vm.specification.name" value="Java Virtual Machine Specification"/>
    <property name="java.awt.printerjob" value="sun.awt.windows.WPrinterJob"/>
    <property name="sun.os.patch.level" value=""/>
    <property name="java.library.path" value="C:\Users\stacey\Downloads\openjdk-11+28_windows-x64_bin\jdk-11\bin;C:\WINDOWS\Sun\Java\bin;C:\WINDOWS\system32;C:\WINDOWS;C:\WINDOWS\system32;C:\WINDOWS;C:\WINDOWS\System32\Wbem;C:\WINDOWS\System32\WindowsPowerShell\v1.0\;C:\WINDOWS\System32\OpenSSH\;C:\Program Files\dotnet\;C:\Program Files\Git\cmd;C:\Users\stacey\AppData\Local\Microsoft\WindowsApps;C:\Users\stacey\.dotnet\tools;."/>
    <property name="java.vendor" value="Oracle Corporation"/>
    <property name="java.vm.info" value="mixed mode"/>
    <property name="java.vm.version" value="11+28"/>
    <property name="classworlds.conf" value="C:\Program Files\JetBrains\IntelliJ IDEA 2021.2.2\plugins\maven\lib\maven3\bin\m2.conf"/>
    <property name="sun.io.unicode.encoding" value="UnicodeLittle"/>
    <property name="java.class.version" value="55.0"/>
  </properties>
  <testcase name="repeatingTests" classname="org.example.TestingTest" time="0"/>
  <testcase name="checkRegister" classname="org.example.TestingTest" time="0"/>
</testsuite>